2024-08-05 19:32:09,981 - INFO - Simulation started at 2024-08-05 19:32:09
2024-08-05 19:32:10,343 - INFO - 
New creature spawned from nothing:
2024-08-05 19:32:10,343 - INFO - Creature ID:100, Parents: 000,000 (Position: [237, 263], Speed: 9.96, Stomach Size: 3, Food in Stomach: 1, Is Hungry: True, Is Full: False)Trees eaten from: [])
2024-08-05 19:32:10,343 - INFO - 
New creature spawned from nothing:
2024-08-05 19:32:10,343 - INFO - Creature ID:101, Parents: 000,000 (Position: [815, 120], Speed: 6.20, Stomach Size: 3, Food in Stomach: 3, Is Hungry: False, Is Full: True)Trees eaten from: [])
2024-08-05 19:32:10,343 - INFO - Tree ID:600, Parent:000, Carrier:000 Tree(Position: (236, 127), Scale: 0.10, Growths: 0, Alive: True)
2024-08-05 19:32:10,344 - INFO - Tree ID:601, Parent:000, Carrier:000 Tree(Position: (278, 692), Scale: 0.10, Growths: 0, Alive: True)
2024-08-05 19:32:10,345 - INFO - Tree ID:602, Parent:000, Carrier:000 Tree(Position: (246, 545), Scale: 0.10, Growths: 0, Alive: True)
2024-08-05 19:32:10,345 - INFO - Tree ID:603, Parent:000, Carrier:000 Tree(Position: (456, 625), Scale: 0.10, Growths: 0, Alive: True)
2024-08-05 19:32:10,345 - INFO - Tree ID:604, Parent:000, Carrier:000 Tree(Position: (1203, 496), Scale: 0.10, Growths: 0, Alive: True)
2024-08-05 19:32:10,345 - INFO - Tree ID:605, Parent:000, Carrier:000 Tree(Position: (0, 146), Scale: 0.10, Growths: 0, Alive: True)
2024-08-05 19:32:10,345 - INFO - Tree ID:606, Parent:000, Carrier:000 Tree(Position: (364, 196), Scale: 0.10, Growths: 0, Alive: True)
2024-08-05 19:32:10,345 - INFO - Tree ID:607, Parent:000, Carrier:000 Tree(Position: (1058, 675), Scale: 0.10, Growths: 0, Alive: True)
2024-08-05 19:32:10,345 - INFO - Tree ID:608, Parent:000, Carrier:000 Tree(Position: (490, 355), Scale: 0.10, Growths: 0, Alive: True)
2024-08-05 19:32:10,345 - INFO - Tree ID:609, Parent:000, Carrier:000 Tree(Position: (826, 103), Scale: 0.10, Growths: 0, Alive: True)
2024-08-05 19:32:10,345 - INFO - Tree ID:610, Parent:000, Carrier:000 Tree(Position: (1032, 645), Scale: 0.10, Growths: 0, Alive: True)
2024-08-05 19:32:10,345 - INFO - Tree ID:611, Parent:000, Carrier:000 Tree(Position: (1016, 59), Scale: 0.10, Growths: 0, Alive: True)
2024-08-05 19:32:10,345 - INFO - Tree ID:612, Parent:000, Carrier:000 Tree(Position: (320, 162), Scale: 0.10, Growths: 0, Alive: True)
2024-08-05 19:32:10,345 - INFO - Tree ID:613, Parent:000, Carrier:000 Tree(Position: (1218, 84), Scale: 0.10, Growths: 0, Alive: True)
2024-08-05 19:32:10,345 - INFO - Tree ID:614, Parent:000, Carrier:000 Tree(Position: (941, 346), Scale: 0.10, Growths: 0, Alive: True)
2024-08-05 19:32:10,345 - INFO - Tree ID:615, Parent:000, Carrier:000 Tree(Position: (623, 644), Scale: 0.10, Growths: 0, Alive: True)
2024-08-05 19:32:10,345 - INFO - Tree ID:616, Parent:000, Carrier:000 Tree(Position: (464, 604), Scale: 0.10, Growths: 0, Alive: True)
2024-08-05 19:32:10,345 - INFO - Tree ID:617, Parent:000, Carrier:000 Tree(Position: (220, 23), Scale: 0.10, Growths: 0, Alive: True)
2024-08-05 19:32:10,345 - INFO - Tree ID:618, Parent:000, Carrier:000 Tree(Position: (235, 61), Scale: 0.10, Growths: 0, Alive: True)
2024-08-05 19:32:10,345 - INFO - Tree ID:619, Parent:000, Carrier:000 Tree(Position: (398, 233), Scale: 0.10, Growths: 0, Alive: True)
2024-08-05 19:32:10,345 - INFO - Tree ID:620, Parent:000, Carrier:000 Tree(Position: (607, 267), Scale: 0.10, Growths: 0, Alive: True)
2024-08-05 19:32:10,345 - INFO - Tree ID:621, Parent:000, Carrier:000 Tree(Position: (1175, 273), Scale: 0.10, Growths: 0, Alive: True)
2024-08-05 19:32:10,345 - INFO - Tree ID:622, Parent:000, Carrier:000 Tree(Position: (334, 343), Scale: 0.10, Growths: 0, Alive: True)
2024-08-05 19:32:10,345 - INFO - Tree ID:623, Parent:000, Carrier:000 Tree(Position: (795, 485), Scale: 0.10, Growths: 0, Alive: True)
2024-08-05 19:32:10,345 - INFO - Tree ID:624, Parent:000, Carrier:000 Tree(Position: (827, 71), Scale: 0.10, Growths: 0, Alive: True)
2024-08-05 19:32:10,345 - INFO - Tree ID:625, Parent:000, Carrier:000 Tree(Position: (1086, 537), Scale: 0.10, Growths: 0, Alive: True)
2024-08-05 19:32:10,345 - INFO - Tree ID:626, Parent:000, Carrier:000 Tree(Position: (362, 139), Scale: 0.10, Growths: 0, Alive: True)
2024-08-05 19:32:10,345 - INFO - Tree ID:627, Parent:000, Carrier:000 Tree(Position: (634, 380), Scale: 0.10, Growths: 0, Alive: True)
2024-08-05 19:32:10,345 - INFO - Tree ID:628, Parent:000, Carrier:000 Tree(Position: (958, 6), Scale: 0.10, Growths: 0, Alive: True)
2024-08-05 19:32:10,345 - INFO - Tree ID:629, Parent:000, Carrier:000 Tree(Position: (1193, 603), Scale: 0.10, Growths: 0, Alive: True)
2024-08-05 19:32:10,345 - INFO - Tree ID:630, Parent:000, Carrier:000 Tree(Position: (669, 673), Scale: 0.10, Growths: 0, Alive: True)
2024-08-05 19:32:10,345 - INFO - Tree ID:631, Parent:000, Carrier:000 Tree(Position: (774, 255), Scale: 0.10, Growths: 0, Alive: True)
2024-08-05 19:32:10,345 - INFO - Tree ID:632, Parent:000, Carrier:000 Tree(Position: (1030, 443), Scale: 0.10, Growths: 0, Alive: True)
2024-08-05 19:32:10,345 - INFO - Tree ID:633, Parent:000, Carrier:000 Tree(Position: (1214, 545), Scale: 0.10, Growths: 0, Alive: True)
2024-08-05 19:32:10,345 - INFO - Tree ID:634, Parent:000, Carrier:000 Tree(Position: (13, 649), Scale: 0.10, Growths: 0, Alive: True)
2024-08-05 19:32:10,345 - INFO - Tree ID:635, Parent:000, Carrier:000 Tree(Position: (59, 106), Scale: 0.10, Growths: 0, Alive: True)
2024-08-05 19:32:10,345 - INFO - Tree ID:636, Parent:000, Carrier:000 Tree(Position: (457, 591), Scale: 0.10, Growths: 0, Alive: True)
2024-08-05 19:32:10,345 - INFO - Tree ID:637, Parent:000, Carrier:000 Tree(Position: (474, 234), Scale: 0.10, Growths: 0, Alive: True)
2024-08-05 19:32:10,345 - INFO - Tree ID:638, Parent:000, Carrier:000 Tree(Position: (575, 234), Scale: 0.10, Growths: 0, Alive: True)
2024-08-05 19:32:10,345 - INFO - Tree ID:639, Parent:000, Carrier:000 Tree(Position: (656, 576), Scale: 0.10, Growths: 0, Alive: True)
2024-08-05 19:32:10,345 - INFO - Tree ID:640, Parent:000, Carrier:000 Tree(Position: (812, 296), Scale: 0.10, Growths: 0, Alive: True)
2024-08-05 19:32:10,346 - INFO - Tree ID:641, Parent:000, Carrier:000 Tree(Position: (623, 47), Scale: 0.10, Growths: 0, Alive: True)
2024-08-05 19:32:10,346 - INFO - Tree ID:642, Parent:000, Carrier:000 Tree(Position: (406, 329), Scale: 0.10, Growths: 0, Alive: True)
2024-08-05 19:32:10,346 - INFO - Tree ID:643, Parent:000, Carrier:000 Tree(Position: (646, 203), Scale: 0.10, Growths: 0, Alive: True)
2024-08-05 19:32:10,346 - INFO - Tree ID:644, Parent:000, Carrier:000 Tree(Position: (42, 130), Scale: 0.10, Growths: 0, Alive: True)
2024-08-05 19:32:10,346 - INFO - Tree ID:645, Parent:000, Carrier:000 Tree(Position: (675, 127), Scale: 0.10, Growths: 0, Alive: True)
2024-08-05 19:32:10,346 - INFO - Tree ID:646, Parent:000, Carrier:000 Tree(Position: (683, 351), Scale: 0.10, Growths: 0, Alive: True)
2024-08-05 19:32:10,346 - INFO - Tree ID:647, Parent:000, Carrier:000 Tree(Position: (1008, 573), Scale: 0.10, Growths: 0, Alive: True)
2024-08-05 19:32:10,346 - INFO - Tree ID:648, Parent:000, Carrier:000 Tree(Position: (52, 599), Scale: 0.10, Growths: 0, Alive: True)
2024-08-05 19:32:10,346 - INFO - Tree ID:649, Parent:000, Carrier:000 Tree(Position: (675, 74), Scale: 0.10, Growths: 0, Alive: True)
2024-08-05 19:32:10,346 - INFO - Tree ID:650, Parent:000, Carrier:000 Tree(Position: (792, 478), Scale: 0.10, Growths: 0, Alive: True)
2024-08-05 19:32:10,346 - INFO - Tree ID:651, Parent:000, Carrier:000 Tree(Position: (765, 371), Scale: 0.10, Growths: 0, Alive: True)
2024-08-05 19:32:10,346 - INFO - Tree ID:652, Parent:000, Carrier:000 Tree(Position: (951, 48), Scale: 0.10, Growths: 0, Alive: True)
2024-08-05 19:32:10,346 - INFO - Tree ID:653, Parent:000, Carrier:000 Tree(Position: (62, 80), Scale: 0.10, Growths: 0, Alive: True)
2024-08-05 19:32:10,346 - INFO - Tree ID:654, Parent:000, Carrier:000 Tree(Position: (538, 207), Scale: 0.10, Growths: 0, Alive: True)
2024-08-05 19:32:10,346 - INFO - Tree ID:655, Parent:000, Carrier:000 Tree(Position: (1030, 367), Scale: 0.10, Growths: 0, Alive: True)
2024-08-05 19:32:10,346 - INFO - Tree ID:656, Parent:000, Carrier:000 Tree(Position: (669, 476), Scale: 0.10, Growths: 0, Alive: True)
2024-08-05 19:32:10,346 - INFO - Tree ID:657, Parent:000, Carrier:000 Tree(Position: (699, 265), Scale: 0.10, Growths: 0, Alive: True)
2024-08-05 19:32:10,346 - INFO - Tree ID:658, Parent:000, Carrier:000 Tree(Position: (1160, 518), Scale: 0.10, Growths: 0, Alive: True)
2024-08-05 19:32:10,346 - INFO - Tree ID:659, Parent:000, Carrier:000 Tree(Position: (1098, 596), Scale: 0.10, Growths: 0, Alive: True)
2024-08-05 19:32:10,346 - INFO - Tree ID:660, Parent:000, Carrier:000 Tree(Position: (860, 552), Scale: 0.10, Growths: 0, Alive: True)
2024-08-05 19:32:10,346 - INFO - Tree ID:661, Parent:000, Carrier:000 Tree(Position: (791, 516), Scale: 0.10, Growths: 0, Alive: True)
2024-08-05 19:32:10,346 - INFO - Tree ID:662, Parent:000, Carrier:000 Tree(Position: (1234, 191), Scale: 0.10, Growths: 0, Alive: True)
2024-08-05 19:32:10,346 - INFO - Tree ID:663, Parent:000, Carrier:000 Tree(Position: (124, 444), Scale: 0.10, Growths: 0, Alive: True)
2024-08-05 19:32:10,346 - INFO - Tree ID:664, Parent:000, Carrier:000 Tree(Position: (810, 188), Scale: 0.10, Growths: 0, Alive: True)
2024-08-05 19:32:10,346 - INFO - Tree ID:665, Parent:000, Carrier:000 Tree(Position: (863, 60), Scale: 0.10, Growths: 0, Alive: True)
2024-08-05 19:32:10,346 - INFO - Tree ID:666, Parent:000, Carrier:000 Tree(Position: (865, 503), Scale: 0.10, Growths: 0, Alive: True)
2024-08-05 19:32:10,346 - INFO - Tree ID:667, Parent:000, Carrier:000 Tree(Position: (798, 127), Scale: 0.10, Growths: 0, Alive: True)
2024-08-05 19:32:10,346 - INFO - Tree ID:668, Parent:000, Carrier:000 Tree(Position: (756, 34), Scale: 0.10, Growths: 0, Alive: True)
2024-08-05 19:32:10,346 - INFO - Tree ID:669, Parent:000, Carrier:000 Tree(Position: (562, 574), Scale: 0.10, Growths: 0, Alive: True)
2024-08-05 19:32:10,346 - INFO - Tree ID:670, Parent:000, Carrier:000 Tree(Position: (694, 604), Scale: 0.10, Growths: 0, Alive: True)
2024-08-05 19:32:10,346 - INFO - Tree ID:671, Parent:000, Carrier:000 Tree(Position: (877, 551), Scale: 0.10, Growths: 0, Alive: True)
2024-08-05 19:32:10,346 - INFO - Tree ID:672, Parent:000, Carrier:000 Tree(Position: (840, 212), Scale: 0.10, Growths: 0, Alive: True)
2024-08-05 19:32:10,346 - INFO - Tree ID:673, Parent:000, Carrier:000 Tree(Position: (546, 275), Scale: 0.10, Growths: 0, Alive: True)
2024-08-05 19:32:10,346 - INFO - Tree ID:674, Parent:000, Carrier:000 Tree(Position: (259, 91), Scale: 0.10, Growths: 0, Alive: True)
2024-08-05 19:32:10,346 - INFO - Tree ID:675, Parent:000, Carrier:000 Tree(Position: (987, 71), Scale: 0.10, Growths: 0, Alive: True)
2024-08-05 19:32:10,346 - INFO - Tree ID:676, Parent:000, Carrier:000 Tree(Position: (545, 198), Scale: 0.10, Growths: 0, Alive: True)
2024-08-05 19:32:10,346 - INFO - Tree ID:677, Parent:000, Carrier:000 Tree(Position: (738, 660), Scale: 0.10, Growths: 0, Alive: True)
2024-08-05 19:32:10,346 - INFO - Tree ID:678, Parent:000, Carrier:000 Tree(Position: (485, 396), Scale: 0.10, Growths: 0, Alive: True)
2024-08-05 19:32:10,346 - INFO - Tree ID:679, Parent:000, Carrier:000 Tree(Position: (286, 325), Scale: 0.10, Growths: 0, Alive: True)
2024-08-05 19:32:10,346 - INFO - Tree ID:680, Parent:000, Carrier:000 Tree(Position: (734, 713), Scale: 0.10, Growths: 0, Alive: True)
2024-08-05 19:32:10,346 - INFO - Tree ID:681, Parent:000, Carrier:000 Tree(Position: (87, 666), Scale: 0.10, Growths: 0, Alive: True)
2024-08-05 19:32:10,347 - INFO - Tree ID:682, Parent:000, Carrier:000 Tree(Position: (460, 666), Scale: 0.10, Growths: 0, Alive: True)
2024-08-05 19:32:10,347 - INFO - Tree ID:683, Parent:000, Carrier:000 Tree(Position: (400, 563), Scale: 0.10, Growths: 0, Alive: True)
2024-08-05 19:32:10,347 - INFO - Tree ID:684, Parent:000, Carrier:000 Tree(Position: (540, 371), Scale: 0.10, Growths: 0, Alive: True)
2024-08-05 19:32:10,347 - INFO - Tree ID:685, Parent:000, Carrier:000 Tree(Position: (39, 562), Scale: 0.10, Growths: 0, Alive: True)
2024-08-05 19:32:10,347 - INFO - Tree ID:686, Parent:000, Carrier:000 Tree(Position: (2, 128), Scale: 0.10, Growths: 0, Alive: True)
2024-08-05 19:32:10,347 - INFO - Tree ID:687, Parent:000, Carrier:000 Tree(Position: (602, 20), Scale: 0.10, Growths: 0, Alive: True)
2024-08-05 19:32:10,347 - INFO - Tree ID:688, Parent:000, Carrier:000 Tree(Position: (1198, 634), Scale: 0.10, Growths: 0, Alive: True)
2024-08-05 19:32:10,347 - INFO - Tree ID:689, Parent:000, Carrier:000 Tree(Position: (328, 613), Scale: 0.10, Growths: 0, Alive: True)
2024-08-05 19:32:10,347 - INFO - Tree ID:690, Parent:000, Carrier:000 Tree(Position: (631, 139), Scale: 0.10, Growths: 0, Alive: True)
2024-08-05 19:32:10,347 - INFO - Tree ID:691, Parent:000, Carrier:000 Tree(Position: (1135, 208), Scale: 0.10, Growths: 0, Alive: True)
2024-08-05 19:32:10,347 - INFO - Tree ID:692, Parent:000, Carrier:000 Tree(Position: (184, 378), Scale: 0.10, Growths: 0, Alive: True)
2024-08-05 19:32:10,347 - INFO - Tree ID:693, Parent:000, Carrier:000 Tree(Position: (561, 524), Scale: 0.10, Growths: 0, Alive: True)
2024-08-05 19:32:10,347 - INFO - Tree ID:694, Parent:000, Carrier:000 Tree(Position: (735, 519), Scale: 0.10, Growths: 0, Alive: True)
2024-08-05 19:32:10,347 - INFO - Tree ID:695, Parent:000, Carrier:000 Tree(Position: (1046, 378), Scale: 0.10, Growths: 0, Alive: True)
2024-08-05 19:32:10,347 - INFO - Tree ID:696, Parent:000, Carrier:000 Tree(Position: (284, 569), Scale: 0.10, Growths: 0, Alive: True)
2024-08-05 19:32:10,347 - INFO - Tree ID:697, Parent:000, Carrier:000 Tree(Position: (539, 662), Scale: 0.10, Growths: 0, Alive: True)
2024-08-05 19:32:10,347 - INFO - Tree ID:698, Parent:000, Carrier:000 Tree(Position: (171, 490), Scale: 0.10, Growths: 0, Alive: True)
2024-08-05 19:32:10,347 - INFO - Tree ID:699, Parent:000, Carrier:000 Tree(Position: (477, 564), Scale: 0.10, Growths: 0, Alive: True)
2024-08-05 19:32:10,347 - INFO - 
Creatures:
2024-08-05 19:32:10,347 - INFO - Creature ID:100, Parents: 000,000 (Position: [237, 263], Speed: 9.96, Stomach Size: 3, Food in Stomach: 1, Is Hungry: True, Is Full: False)Trees eaten from: [])
2024-08-05 19:32:10,347 - INFO - Creature ID:101, Parents: 000,000 (Position: [815, 120], Speed: 6.20, Stomach Size: 3, Food in Stomach: 3, Is Hungry: False, Is Full: True)Trees eaten from: [])
2024-08-05 19:32:10,347 - INFO - 
Dead Creatures:
2024-08-05 19:32:10,347 - INFO - ----------------------------------------
2024-08-05 19:32:21,334 - INFO - Creature ID:100 lost 1 food. Current food: 0
2024-08-05 19:32:21,512 - INFO - Creature ID:101 lost 1 food. Current food: 2
2024-08-05 19:32:32,668 - INFO - Creature ID:101 lost 1 food. Current food: 1
2024-08-05 19:32:34,729 - INFO - Creature ID:101 found a tree and is hungry.
2024-08-05 19:32:34,729 - INFO - Creature ID:101 has eaten.
2024-08-05 19:32:34,729 - INFO - Creature ID:101, Parents: 000,000 (Position: [816.085, 203.231], Speed: 6.20, Stomach Size: 3, Food in Stomach: 2, Is Hungry: False, Is Full: False)Trees eaten from: [672])
2024-08-05 19:32:43,832 - INFO - Creature ID:101 lost 1 food. Current food: 1
2024-08-05 19:32:44,014 - INFO - Creature ID:100 has starved.
2024-08-05 19:32:48,219 - INFO - Creature ID:101 found a tree and is hungry.
2024-08-05 19:32:48,219 - INFO - Creature ID:101 has eaten.
2024-08-05 19:32:48,219 - INFO - Creature ID:101, Parents: 000,000 (Position: [852.417, 199.982], Speed: 6.20, Stomach Size: 3, Food in Stomach: 2, Is Hungry: False, Is Full: False)Trees eaten from: [672, 672])
2024-08-05 19:32:54,996 - INFO - Creature ID:101 lost 1 food. Current food: 1
2024-08-05 19:32:54,996 - INFO - Creature ID:101 found a tree and is hungry.
2024-08-05 19:32:54,996 - INFO - Creature ID:101 has eaten.
2024-08-05 19:32:54,996 - INFO - Creature ID:101, Parents: 000,000 (Position: [847.174, 177.577], Speed: 6.20, Stomach Size: 3, Food in Stomach: 2, Is Hungry: False, Is Full: False)Trees eaten from: [672, 672, 672])
2024-08-05 19:33:06,971 - INFO - Creature ID:101 lost 1 food. Current food: 1
2024-08-05 19:33:06,971 - INFO - Creature ID:101 found a tree and is hungry.
2024-08-05 19:33:06,971 - INFO - Creature ID:101 has eaten.
2024-08-05 19:33:06,971 - INFO - Creature ID:101, Parents: 000,000 (Position: [825.031, 187.223], Speed: 6.20, Stomach Size: 3, Food in Stomach: 2, Is Hungry: False, Is Full: False)Trees eaten from: [672, 672, 672, 753])
2024-08-05 19:33:18,128 - INFO - Creature ID:101 lost 1 food. Current food: 1
2024-08-05 19:33:29,289 - INFO - Creature ID:101 lost 1 food. Current food: 0
2024-08-05 19:33:29,932 - INFO - 
Creatures:
2024-08-05 19:33:29,932 - INFO - Creature ID:101, Parents: 000,000 (Position: [882.555, 219.036], Speed: 6.20, Stomach Size: 3, Food in Stomach: 0, Is Hungry: True, Is Full: False)Trees eaten from: [672, 672, 672, 753])
2024-08-05 19:33:29,932 - INFO - Creature ID:100, Parents: 000,000 (Position: [338.226, 241.336], Speed: 9.96, Stomach Size: 3, Food in Stomach: 0, Is Hungry: True, Is Full: False)Trees eaten from: [])
2024-08-05 19:33:29,932 - INFO - ----------------------------------------
2024-08-05 19:33:32,196 - INFO - Tree ID:701, Parent:676, Carrier:000 Tree(Position: (547, 206), Scale: 0.48, Growths: 7, Alive: True)
2024-08-05 19:33:32,196 - INFO - Tree ID:702, Parent:682, Carrier:000 Tree(Position: (451, 631), Scale: 0.60, Growths: 6, Alive: True)
2024-08-05 19:33:32,196 - INFO - Tree ID:703, Parent:613, Carrier:000 Tree(Position: (1257, 61), Scale: 0.53, Growths: 7, Alive: True)
2024-08-05 19:33:32,197 - INFO - Tree ID:706, Parent:646, Carrier:000 Tree(Position: (722, 301), Scale: 0.60, Growths: 6, Alive: True)
2024-08-05 19:33:32,197 - INFO - Tree ID:708, Parent:627, Carrier:000 Tree(Position: (617, 395), Scale: 0.43, Growths: 6, Alive: True)
2024-08-05 19:33:32,197 - INFO - Tree ID:710, Parent:617, Carrier:000 Tree(Position: (238, 37), Scale: 0.79, Growths: 6, Alive: True)
2024-08-05 19:33:32,197 - INFO - Tree ID:713, Parent:619, Carrier:000 Tree(Position: (361, 206), Scale: 0.81, Growths: 6, Alive: True)
2024-08-05 19:33:32,197 - INFO - Tree ID:714, Parent:667, Carrier:000 Tree(Position: (792, 155), Scale: 0.77, Growths: 6, Alive: True)
2024-08-05 19:33:32,197 - INFO - Tree ID:715, Parent:623, Carrier:000 Tree(Position: (767, 472), Scale: 0.73, Growths: 6, Alive: True)
2024-08-05 19:33:32,197 - INFO - Tree ID:718, Parent:677, Carrier:000 Tree(Position: (721, 694), Scale: 0.46, Growths: 6, Alive: True)
2024-08-05 19:33:32,197 - INFO - Tree ID:720, Parent:662, Carrier:000 Tree(Position: (1275, 149), Scale: 0.54, Growths: 6, Alive: True)
2024-08-05 19:33:32,197 - INFO - Tree ID:721, Parent:650, Carrier:000 Tree(Position: (750, 428), Scale: 0.80, Growths: 6, Alive: True)
2024-08-05 19:33:32,197 - INFO - Tree ID:725, Parent:698, Carrier:000 Tree(Position: (172, 539), Scale: 0.75, Growths: 7, Alive: True)
2024-08-05 19:33:32,197 - INFO - Tree ID:726, Parent:671, Carrier:000 Tree(Position: (827, 564), Scale: 0.55, Growths: 5, Alive: True)
2024-08-05 19:33:32,197 - INFO - Tree ID:728, Parent:600, Carrier:000 Tree(Position: (228, 123), Scale: 0.70, Growths: 6, Alive: True)
2024-08-05 19:33:32,198 - INFO - Tree ID:731, Parent:636, Carrier:000 Tree(Position: (499, 545), Scale: 0.49, Growths: 7, Alive: True)
2024-08-05 19:33:32,198 - INFO - Tree ID:733, Parent:683, Carrier:000 Tree(Position: (402, 538), Scale: 0.47, Growths: 7, Alive: True)
2024-08-05 19:33:32,198 - INFO - Tree ID:734, Parent:618, Carrier:000 Tree(Position: (197, 23), Scale: 0.66, Growths: 5, Alive: True)
2024-08-05 19:33:32,198 - INFO - Tree ID:735, Parent:690, Carrier:000 Tree(Position: (665, 121), Scale: 0.67, Growths: 6, Alive: True)
2024-08-05 19:33:32,198 - INFO - Tree ID:738, Parent:641, Carrier:000 Tree(Position: (621, 67), Scale: 0.48, Growths: 6, Alive: True)
2024-08-05 19:33:32,198 - INFO - Tree ID:741, Parent:625, Carrier:000 Tree(Position: (1041, 503), Scale: 0.57, Growths: 7, Alive: True)
2024-08-05 19:33:32,198 - INFO - Tree ID:743, Parent:655, Carrier:000 Tree(Position: (1021, 372), Scale: 0.66, Growths: 6, Alive: True)
2024-08-05 19:33:32,198 - INFO - Tree ID:744, Parent:610, Carrier:000 Tree(Position: (998, 632), Scale: 0.51, Growths: 5, Alive: True)
2024-08-05 19:33:32,198 - INFO - Tree ID:746, Parent:638, Carrier:000 Tree(Position: (560, 278), Scale: 0.40, Growths: 4, Alive: True)
2024-08-05 19:33:32,198 - INFO - Tree ID:749, Parent:691, Carrier:000 Tree(Position: (1122, 242), Scale: 0.92, Growths: 7, Alive: True)
2024-08-05 19:33:32,198 - INFO - Tree ID:750, Parent:608, Carrier:000 Tree(Position: (466, 310), Scale: 0.66, Growths: 5, Alive: True)
2024-08-05 19:33:32,198 - INFO - Tree ID:751, Parent:639, Carrier:000 Tree(Position: (626, 623), Scale: 0.47, Growths: 5, Alive: True)
2024-08-05 19:33:32,198 - INFO - Tree ID:752, Parent:648, Carrier:000 Tree(Position: (89, 566), Scale: 0.58, Growths: 6, Alive: True)
2024-08-05 19:33:32,198 - INFO - Tree ID:753, Parent:664, Carrier:000 Tree(Position: (800, 200), Scale: 0.47, Growths: 4, Alive: True)
2024-08-05 19:33:32,199 - INFO - Tree ID:754, Parent:693, Carrier:000 Tree(Position: (587, 561), Scale: 0.61, Growths: 5, Alive: True)
2024-08-05 19:33:32,199 - INFO - Tree ID:755, Parent:633, Carrier:000 Tree(Position: (1189, 555), Scale: 0.44, Growths: 6, Alive: True)
2024-08-05 19:33:32,199 - INFO - Tree ID:756, Parent:642, Carrier:000 Tree(Position: (395, 332), Scale: 0.42, Growths: 4, Alive: True)
2024-08-05 19:33:32,199 - INFO - Tree ID:757, Parent:663, Carrier:000 Tree(Position: (129, 478), Scale: 0.42, Growths: 5, Alive: True)
2024-08-05 19:33:32,199 - INFO - Tree ID:758, Parent:689, Carrier:000 Tree(Position: (360, 631), Scale: 0.43, Growths: 4, Alive: True)
2024-08-05 19:33:32,199 - INFO - Tree ID:759, Parent:686, Carrier:000 Tree(Position: (49, 170), Scale: 0.30, Growths: 4, Alive: True)
2024-08-05 19:33:32,199 - INFO - Tree ID:760, Parent:681, Carrier:000 Tree(Position: (40, 681), Scale: 0.46, Growths: 4, Alive: True)
2024-08-05 19:33:32,199 - INFO - Tree ID:761, Parent:704, Carrier:000 Tree(Position: (796, 251), Scale: 0.43, Growths: 3, Alive: True)
2024-08-05 19:33:32,199 - INFO - Tree ID:762, Parent:712, Carrier:000 Tree(Position: (619, 264), Scale: 0.33, Growths: 2, Alive: True)
2024-08-05 19:33:32,199 - INFO - Tree ID:763, Parent:720, Carrier:000 Tree(Position: (1276, 143), Scale: 0.20, Growths: 1, Alive: True)
2024-08-05 19:33:32,199 - INFO - Tree ID:764, Parent:701, Carrier:000 Tree(Position: (591, 187), Scale: 0.16, Growths: 1, Alive: True)
2024-08-05 19:33:32,199 - INFO - Tree ID:765, Parent:714, Carrier:000 Tree(Position: (766, 205), Scale: 0.24, Growths: 2, Alive: True)
2024-08-05 19:33:32,199 - INFO - Tree ID:766, Parent:709, Carrier:000 Tree(Position: (741, 650), Scale: 0.22, Growths: 1, Alive: True)
2024-08-05 19:33:32,199 - INFO - Tree ID:767, Parent:706, Carrier:000 Tree(Position: (673, 330), Scale: 0.25, Growths: 2, Alive: True)
2024-08-05 19:33:32,199 - INFO - Tree ID:768, Parent:740, Carrier:000 Tree(Position: (458, 589), Scale: 0.34, Growths: 2, Alive: True)
2024-08-05 19:33:32,199 - INFO - Tree ID:769, Parent:700, Carrier:000 Tree(Position: (279, 199), Scale: 0.31, Growths: 2, Alive: True)
2024-08-05 19:33:32,200 - INFO - Tree ID:770, Parent:735, Carrier:000 Tree(Position: (641, 85), Scale: 0.15, Growths: 1, Alive: True)
2024-08-05 19:33:32,200 - INFO - Tree ID:771, Parent:736, Carrier:000 Tree(Position: (349, 193), Scale: 0.10, Growths: 0, Alive: True)
2024-08-05 19:33:32,200 - INFO - Tree ID:772, Parent:711, Carrier:000 Tree(Position: (723, 778), Scale: 0.18, Growths: 1, Alive: True)
2024-08-05 19:33:32,200 - INFO - Tree ID:773, Parent:744, Carrier:000 Tree(Position: (1042, 627), Scale: 0.10, Growths: 0, Alive: True)
2024-08-05 19:33:32,200 - INFO - Tree ID:774, Parent:710, Carrier:000 Tree(Position: (189, 30), Scale: 0.19, Growths: 1, Alive: True)
2024-08-05 19:33:32,200 - INFO - Tree ID:775, Parent:715, Carrier:000 Tree(Position: (809, 498), Scale: 0.18, Growths: 1, Alive: True)
2024-08-05 19:33:32,200 - INFO - Tree ID:776, Parent:738, Carrier:000 Tree(Position: (606, 48), Scale: 0.10, Growths: 0, Alive: True)
2024-08-05 19:33:32,200 - INFO - Tree ID:777, Parent:733, Carrier:000 Tree(Position: (446, 532), Scale: 0.10, Growths: 0, Alive: True)
2024-08-05 19:33:32,200 - INFO - Tree ID:778, Parent:747, Carrier:000 Tree(Position: (688, 584), Scale: 0.18, Growths: 1, Alive: True)
2024-08-05 19:33:32,200 - INFO - Tree ID:779, Parent:702, Carrier:000 Tree(Position: (406, 651), Scale: 0.18, Growths: 1, Alive: True)
2024-08-05 19:33:32,200 - INFO - Tree ID:780, Parent:728, Carrier:000 Tree(Position: (236, 154), Scale: 0.10, Growths: 0, Alive: True)
2024-08-05 19:33:32,200 - INFO - Tree ID:781, Parent:729, Carrier:000 Tree(Position: (1082, 654), Scale: 0.10, Growths: 0, Alive: True)
2024-08-05 19:33:32,200 - INFO - Tree ID:782, Parent:741, Carrier:000 Tree(Position: (1035, 458), Scale: 0.10, Growths: 0, Alive: True)
2024-08-05 19:33:32,200 - INFO - Tree ID:783, Parent:721, Carrier:000 Tree(Position: (753, 472), Scale: 0.10, Growths: 0, Alive: True)
2024-08-05 19:33:32,200 - INFO - Tree ID:784, Parent:756, Carrier:000 Tree(Position: (369, 331), Scale: 0.10, Growths: 0, Alive: True)
2024-08-05 19:33:32,200 - INFO - Tree ID:785, Parent:708, Carrier:000 Tree(Position: (664, 386), Scale: 0.10, Growths: 0, Alive: True)
2024-08-05 19:33:32,200 - INFO - Tree ID:786, Parent:703, Carrier:000 Tree(Position: (1239, 93), Scale: 0.10, Growths: 0, Alive: True)
2024-08-05 19:33:32,200 - INFO - Tree ID:787, Parent:713, Carrier:000 Tree(Position: (342, 245), Scale: 0.10, Growths: 0, Alive: True)
2024-08-05 19:33:32,200 - INFO - Tree ID:658, Parent:000, Carrier:000 Tree(Position: (1160, 518), Scale: 0.72, Growths: 8, Alive: False)
2024-08-05 19:33:32,200 - INFO - Tree ID:643, Parent:000, Carrier:000 Tree(Position: (646, 203), Scale: 1.05, Growths: 8, Alive: False)
2024-08-05 19:33:32,200 - INFO - Tree ID:656, Parent:000, Carrier:000 Tree(Position: (669, 476), Scale: 0.80, Growths: 8, Alive: False)
2024-08-05 19:33:32,200 - INFO - Tree ID:628, Parent:000, Carrier:000 Tree(Position: (958, 6), Scale: 0.71, Growths: 8, Alive: False)
2024-08-05 19:33:32,200 - INFO - Tree ID:666, Parent:000, Carrier:000 Tree(Position: (865, 503), Scale: 0.88, Growths: 8, Alive: False)
2024-08-05 19:33:32,200 - INFO - Tree ID:621, Parent:000, Carrier:000 Tree(Position: (1175, 273), Scale: 0.92, Growths: 8, Alive: False)
2024-08-05 19:33:32,200 - INFO - Tree ID:605, Parent:000, Carrier:000 Tree(Position: (0, 146), Scale: 0.90, Growths: 8, Alive: False)
2024-08-05 19:33:32,200 - INFO - Tree ID:634, Parent:000, Carrier:000 Tree(Position: (13, 649), Scale: 0.83, Growths: 8, Alive: False)
2024-08-05 19:33:32,200 - INFO - Tree ID:647, Parent:000, Carrier:000 Tree(Position: (1008, 573), Scale: 0.61, Growths: 8, Alive: False)
2024-08-05 19:33:32,200 - INFO - Tree ID:602, Parent:000, Carrier:000 Tree(Position: (246, 545), Scale: 0.78, Growths: 8, Alive: False)
2024-08-05 19:33:32,200 - INFO - Tree ID:651, Parent:000, Carrier:000 Tree(Position: (765, 371), Scale: 0.70, Growths: 8, Alive: False)
2024-08-05 19:33:32,201 - INFO - Tree ID:644, Parent:000, Carrier:000 Tree(Position: (42, 130), Scale: 0.91, Growths: 8, Alive: False)
2024-08-05 19:33:32,201 - INFO - Tree ID:645, Parent:000, Carrier:000 Tree(Position: (675, 127), Scale: 0.85, Growths: 8, Alive: False)
2024-08-05 19:33:32,201 - INFO - Tree ID:632, Parent:000, Carrier:000 Tree(Position: (1030, 443), Scale: 0.54, Growths: 8, Alive: False)
2024-08-05 19:33:32,201 - INFO - Tree ID:673, Parent:000, Carrier:000 Tree(Position: (546, 275), Scale: 0.55, Growths: 8, Alive: False)
2024-08-05 19:33:32,201 - INFO - Tree ID:695, Parent:000, Carrier:000 Tree(Position: (1046, 378), Scale: 0.51, Growths: 8, Alive: False)
2024-08-05 19:33:32,201 - INFO - Tree ID:680, Parent:000, Carrier:000 Tree(Position: (734, 713), Scale: 0.52, Growths: 8, Alive: False)
2024-08-05 19:33:32,201 - INFO - Tree ID:624, Parent:000, Carrier:000 Tree(Position: (827, 71), Scale: 0.61, Growths: 8, Alive: False)
2024-08-05 19:33:32,201 - INFO - Tree ID:626, Parent:000, Carrier:000 Tree(Position: (362, 139), Scale: 0.95, Growths: 8, Alive: False)
2024-08-05 19:33:32,201 - INFO - Tree ID:657, Parent:000, Carrier:000 Tree(Position: (699, 265), Scale: 0.97, Growths: 8, Alive: False)
2024-08-05 19:33:32,201 - INFO - Tree ID:665, Parent:000, Carrier:000 Tree(Position: (863, 60), Scale: 0.55, Growths: 8, Alive: False)
2024-08-05 19:33:32,201 - INFO - Tree ID:674, Parent:000, Carrier:000 Tree(Position: (259, 91), Scale: 0.98, Growths: 8, Alive: False)
2024-08-05 19:33:32,201 - INFO - Tree ID:679, Parent:000, Carrier:000 Tree(Position: (286, 325), Scale: 0.74, Growths: 8, Alive: False)
2024-08-05 19:33:32,201 - INFO - Tree ID:635, Parent:000, Carrier:000 Tree(Position: (59, 106), Scale: 0.68, Growths: 8, Alive: False)
2024-08-05 19:33:32,201 - INFO - Tree ID:697, Parent:000, Carrier:000 Tree(Position: (539, 662), Scale: 0.89, Growths: 8, Alive: False)
2024-08-05 19:33:32,201 - INFO - Tree ID:667, Parent:000, Carrier:000 Tree(Position: (798, 127), Scale: 0.52, Growths: 8, Alive: False)
2024-08-05 19:33:32,201 - INFO - Tree ID:640, Parent:000, Carrier:000 Tree(Position: (812, 296), Scale: 0.92, Growths: 8, Alive: False)
2024-08-05 19:33:32,201 - INFO - Tree ID:613, Parent:000, Carrier:000 Tree(Position: (1218, 84), Scale: 0.53, Growths: 8, Alive: False)
2024-08-05 19:33:32,201 - INFO - Tree ID:622, Parent:000, Carrier:000 Tree(Position: (334, 343), Scale: 0.62, Growths: 8, Alive: False)
2024-08-05 19:33:32,201 - INFO - Tree ID:611, Parent:000, Carrier:000 Tree(Position: (1016, 59), Scale: 0.52, Growths: 8, Alive: False)
2024-08-05 19:33:32,201 - INFO - Tree ID:609, Parent:000, Carrier:000 Tree(Position: (826, 103), Scale: 0.96, Growths: 8, Alive: False)
2024-08-05 19:33:32,201 - INFO - Tree ID:636, Parent:000, Carrier:000 Tree(Position: (457, 591), Scale: 0.98, Growths: 8, Alive: False)
2024-08-05 19:33:32,201 - INFO - Tree ID:668, Parent:000, Carrier:000 Tree(Position: (756, 34), Scale: 0.92, Growths: 8, Alive: False)
2024-08-05 19:33:32,201 - INFO - Tree ID:659, Parent:000, Carrier:000 Tree(Position: (1098, 596), Scale: 0.96, Growths: 8, Alive: False)
2024-08-05 19:33:32,201 - INFO - Tree ID:607, Parent:000, Carrier:000 Tree(Position: (1058, 675), Scale: 0.57, Growths: 8, Alive: False)
2024-08-05 19:33:32,201 - INFO - Tree ID:669, Parent:000, Carrier:000 Tree(Position: (562, 574), Scale: 1.03, Growths: 8, Alive: False)
2024-08-05 19:33:32,201 - INFO - Tree ID:616, Parent:000, Carrier:000 Tree(Position: (464, 604), Scale: 0.63, Growths: 8, Alive: False)
2024-08-05 19:33:32,201 - INFO - Tree ID:699, Parent:000, Carrier:000 Tree(Position: (477, 564), Scale: 0.79, Growths: 8, Alive: False)
2024-08-05 19:33:32,201 - INFO - Tree ID:660, Parent:000, Carrier:000 Tree(Position: (860, 552), Scale: 0.83, Growths: 8, Alive: False)
2024-08-05 19:33:32,201 - INFO - Tree ID:678, Parent:000, Carrier:000 Tree(Position: (485, 396), Scale: 0.57, Growths: 8, Alive: False)
2024-08-05 19:33:32,201 - INFO - Tree ID:604, Parent:000, Carrier:000 Tree(Position: (1203, 496), Scale: 0.55, Growths: 8, Alive: False)
2024-08-05 19:33:32,201 - INFO - Tree ID:687, Parent:000, Carrier:000 Tree(Position: (602, 20), Scale: 0.65, Growths: 8, Alive: False)
2024-08-05 19:33:32,201 - INFO - Tree ID:625, Parent:000, Carrier:000 Tree(Position: (1086, 537), Scale: 0.97, Growths: 8, Alive: False)
2024-08-05 19:33:32,201 - INFO - Tree ID:601, Parent:000, Carrier:000 Tree(Position: (278, 692), Scale: 0.70, Growths: 8, Alive: False)
2024-08-05 19:33:32,201 - INFO - Tree ID:652, Parent:000, Carrier:000 Tree(Position: (951, 48), Scale: 0.80, Growths: 8, Alive: False)
2024-08-05 19:33:32,201 - INFO - Tree ID:629, Parent:000, Carrier:000 Tree(Position: (1193, 603), Scale: 0.74, Growths: 8, Alive: False)
2024-08-05 19:33:32,201 - INFO - Tree ID:677, Parent:000, Carrier:000 Tree(Position: (738, 660), Scale: 0.73, Growths: 8, Alive: False)
2024-08-05 19:33:32,201 - INFO - Tree ID:662, Parent:000, Carrier:000 Tree(Position: (1234, 191), Scale: 0.74, Growths: 8, Alive: False)
2024-08-05 19:33:32,201 - INFO - Tree ID:620, Parent:000, Carrier:000 Tree(Position: (607, 267), Scale: 0.58, Growths: 8, Alive: False)
2024-08-05 19:33:32,201 - INFO - Tree ID:675, Parent:000, Carrier:000 Tree(Position: (987, 71), Scale: 0.83, Growths: 8, Alive: False)
2024-08-05 19:33:32,201 - INFO - Tree ID:615, Parent:000, Carrier:000 Tree(Position: (623, 644), Scale: 0.54, Growths: 8, Alive: False)
2024-08-05 19:33:32,201 - INFO - Tree ID:603, Parent:000, Carrier:000 Tree(Position: (456, 625), Scale: 1.04, Growths: 8, Alive: False)
2024-08-05 19:33:32,201 - INFO - Tree ID:672, Parent:000, Carrier:000 Tree(Position: (840, 212), Scale: 0.81, Growths: 8, Alive: False)
2024-08-05 19:33:32,201 - INFO - Tree ID:664, Parent:000, Carrier:000 Tree(Position: (810, 188), Scale: 1.04, Growths: 8, Alive: False)
2024-08-05 19:33:32,201 - INFO - Tree ID:608, Parent:000, Carrier:000 Tree(Position: (490, 355), Scale: 0.51, Growths: 8, Alive: False)
2024-08-05 19:33:32,202 - INFO - Tree ID:688, Parent:000, Carrier:000 Tree(Position: (1198, 634), Scale: 0.71, Growths: 8, Alive: False)
2024-08-05 19:33:32,202 - INFO - Tree ID:649, Parent:000, Carrier:000 Tree(Position: (675, 74), Scale: 0.61, Growths: 8, Alive: False)
2024-08-05 19:33:32,202 - INFO - Tree ID:614, Parent:000, Carrier:000 Tree(Position: (941, 346), Scale: 0.93, Growths: 8, Alive: False)
2024-08-05 19:33:32,202 - INFO - Tree ID:619, Parent:000, Carrier:000 Tree(Position: (398, 233), Scale: 0.92, Growths: 8, Alive: False)
2024-08-05 19:33:32,202 - INFO - Tree ID:610, Parent:000, Carrier:000 Tree(Position: (1032, 645), Scale: 1.00, Growths: 8, Alive: False)
2024-08-05 19:33:32,202 - INFO - Tree ID:684, Parent:000, Carrier:000 Tree(Position: (540, 371), Scale: 0.97, Growths: 8, Alive: False)
2024-08-05 19:33:32,202 - INFO - Tree ID:670, Parent:000, Carrier:000 Tree(Position: (694, 604), Scale: 0.81, Growths: 8, Alive: False)
2024-08-05 19:33:32,202 - INFO - Tree ID:683, Parent:000, Carrier:000 Tree(Position: (400, 563), Scale: 0.60, Growths: 8, Alive: False)
2024-08-05 19:33:32,202 - INFO - Tree ID:685, Parent:000, Carrier:000 Tree(Position: (39, 562), Scale: 1.05, Growths: 8, Alive: False)
2024-08-05 19:33:32,202 - INFO - Tree ID:682, Parent:000, Carrier:000 Tree(Position: (460, 666), Scale: 0.76, Growths: 8, Alive: False)
2024-08-05 19:33:32,202 - INFO - Tree ID:663, Parent:000, Carrier:000 Tree(Position: (124, 444), Scale: 0.89, Growths: 8, Alive: False)
2024-08-05 19:33:32,202 - INFO - Tree ID:637, Parent:000, Carrier:000 Tree(Position: (474, 234), Scale: 0.72, Growths: 8, Alive: False)
2024-08-05 19:33:32,202 - INFO - Tree ID:692, Parent:000, Carrier:000 Tree(Position: (184, 378), Scale: 1.05, Growths: 8, Alive: False)
2024-08-05 19:33:32,202 - INFO - Tree ID:653, Parent:000, Carrier:000 Tree(Position: (62, 80), Scale: 0.88, Growths: 8, Alive: False)
2024-08-05 19:33:32,202 - INFO - Tree ID:638, Parent:000, Carrier:000 Tree(Position: (575, 234), Scale: 0.81, Growths: 8, Alive: False)
2024-08-05 19:33:32,202 - INFO - Tree ID:642, Parent:000, Carrier:000 Tree(Position: (406, 329), Scale: 0.99, Growths: 8, Alive: False)
2024-08-05 19:33:32,202 - INFO - Tree ID:646, Parent:000, Carrier:000 Tree(Position: (683, 351), Scale: 0.87, Growths: 8, Alive: False)
2024-08-05 19:33:32,202 - INFO - Tree ID:617, Parent:000, Carrier:000 Tree(Position: (220, 23), Scale: 0.92, Growths: 8, Alive: False)
2024-08-05 19:33:32,202 - INFO - Tree ID:650, Parent:000, Carrier:000 Tree(Position: (792, 478), Scale: 0.77, Growths: 8, Alive: False)
2024-08-05 19:33:32,202 - INFO - Tree ID:639, Parent:000, Carrier:000 Tree(Position: (656, 576), Scale: 0.55, Growths: 8, Alive: False)
2024-08-05 19:33:32,202 - INFO - Tree ID:641, Parent:000, Carrier:000 Tree(Position: (623, 47), Scale: 0.70, Growths: 8, Alive: False)
2024-08-05 19:33:32,202 - INFO - Tree ID:612, Parent:000, Carrier:000 Tree(Position: (320, 162), Scale: 0.84, Growths: 8, Alive: False)
2024-08-05 19:33:32,202 - INFO - Tree ID:630, Parent:000, Carrier:000 Tree(Position: (669, 673), Scale: 0.52, Growths: 8, Alive: False)
2024-08-05 19:33:32,202 - INFO - Tree ID:633, Parent:000, Carrier:000 Tree(Position: (1214, 545), Scale: 0.59, Growths: 8, Alive: False)
2024-08-05 19:33:32,202 - INFO - Tree ID:691, Parent:000, Carrier:000 Tree(Position: (1135, 208), Scale: 0.56, Growths: 8, Alive: False)
2024-08-05 19:33:32,202 - INFO - Tree ID:698, Parent:000, Carrier:000 Tree(Position: (171, 490), Scale: 0.71, Growths: 8, Alive: False)
2024-08-05 19:33:32,202 - INFO - Tree ID:655, Parent:000, Carrier:000 Tree(Position: (1030, 367), Scale: 0.91, Growths: 8, Alive: False)
2024-08-05 19:33:32,202 - INFO - Tree ID:623, Parent:000, Carrier:000 Tree(Position: (795, 485), Scale: 0.61, Growths: 8, Alive: False)
2024-08-05 19:33:32,202 - INFO - Tree ID:689, Parent:000, Carrier:000 Tree(Position: (328, 613), Scale: 0.73, Growths: 8, Alive: False)
2024-08-05 19:33:32,202 - INFO - Tree ID:600, Parent:000, Carrier:000 Tree(Position: (236, 127), Scale: 1.04, Growths: 8, Alive: False)
2024-08-05 19:33:32,202 - INFO - Tree ID:606, Parent:000, Carrier:000 Tree(Position: (364, 196), Scale: 0.83, Growths: 8, Alive: False)
2024-08-05 19:33:32,202 - INFO - Tree ID:627, Parent:000, Carrier:000 Tree(Position: (634, 380), Scale: 0.51, Growths: 8, Alive: False)
2024-08-05 19:33:32,202 - INFO - Tree ID:661, Parent:000, Carrier:000 Tree(Position: (791, 516), Scale: 1.04, Growths: 8, Alive: False)
2024-08-05 19:33:32,202 - INFO - Tree ID:618, Parent:000, Carrier:000 Tree(Position: (235, 61), Scale: 0.83, Growths: 8, Alive: False)
2024-08-05 19:33:32,202 - INFO - Tree ID:686, Parent:000, Carrier:000 Tree(Position: (2, 128), Scale: 0.99, Growths: 8, Alive: False)
2024-08-05 19:33:32,202 - INFO - Tree ID:681, Parent:000, Carrier:000 Tree(Position: (87, 666), Scale: 1.02, Growths: 8, Alive: False)
2024-08-05 19:33:32,202 - INFO - Tree ID:631, Parent:000, Carrier:000 Tree(Position: (774, 255), Scale: 0.91, Growths: 8, Alive: False)
2024-08-05 19:33:32,202 - INFO - Tree ID:694, Parent:000, Carrier:000 Tree(Position: (735, 519), Scale: 0.74, Growths: 8, Alive: False)
2024-08-05 19:33:32,202 - INFO - Tree ID:654, Parent:000, Carrier:000 Tree(Position: (538, 207), Scale: 0.59, Growths: 8, Alive: False)
2024-08-05 19:33:32,202 - INFO - Tree ID:671, Parent:000, Carrier:000 Tree(Position: (877, 551), Scale: 0.63, Growths: 8, Alive: False)
2024-08-05 19:33:32,202 - INFO - Tree ID:676, Parent:000, Carrier:000 Tree(Position: (545, 198), Scale: 1.00, Growths: 8, Alive: False)
2024-08-05 19:33:32,202 - INFO - Tree ID:690, Parent:000, Carrier:000 Tree(Position: (631, 139), Scale: 0.56, Growths: 8, Alive: False)
2024-08-05 19:33:32,202 - INFO - Tree ID:648, Parent:000, Carrier:000 Tree(Position: (52, 599), Scale: 0.61, Growths: 8, Alive: False)
2024-08-05 19:33:32,202 - INFO - Tree ID:693, Parent:000, Carrier:000 Tree(Position: (561, 524), Scale: 0.57, Growths: 8, Alive: False)
2024-08-05 19:33:32,202 - INFO - Tree ID:696, Parent:000, Carrier:000 Tree(Position: (284, 569), Scale: 0.71, Growths: 8, Alive: False)
2024-08-05 19:33:32,202 - INFO - Tree ID:712, Parent:657, Carrier:000 Tree(Position: (664, 262), Scale: 1.06, Growths: 8, Alive: False)
2024-08-05 19:33:32,202 - INFO - Tree ID:716, Parent:678, Carrier:000 Tree(Position: (461, 387), Scale: 0.60, Growths: 8, Alive: False)
2024-08-05 19:33:32,203 - INFO - Tree ID:719, Parent:637, Carrier:000 Tree(Position: (509, 244), Scale: 0.89, Growths: 8, Alive: False)
2024-08-05 19:33:32,203 - INFO - Tree ID:709, Parent:630, Carrier:000 Tree(Position: (718, 634), Scale: 0.69, Growths: 8, Alive: False)
2024-08-05 19:33:32,203 - INFO - Tree ID:723, Parent:616, Carrier:000 Tree(Position: (483, 592), Scale: 0.75, Growths: 8, Alive: False)
2024-08-05 19:33:32,203 - INFO - Tree ID:722, Parent:653, Carrier:000 Tree(Position: (19, 36), Scale: 1.04, Growths: 8, Alive: False)
2024-08-05 19:33:32,203 - INFO - Tree ID:737, Parent:661, Carrier:000 Tree(Position: (796, 499), Scale: 0.71, Growths: 8, Alive: False)
2024-08-05 19:33:32,203 - INFO - Tree ID:700, Parent:612, Carrier:000 Tree(Position: (298, 167), Scale: 0.56, Growths: 8, Alive: False)
2024-08-05 19:33:32,203 - INFO - Tree ID:730, Parent:660, Carrier:000 Tree(Position: (875, 591), Scale: 0.99, Growths: 8, Alive: False)
2024-08-05 19:33:32,203 - INFO - Tree ID:705, Parent:665, Carrier:000 Tree(Position: (839, 24), Scale: 0.51, Growths: 8, Alive: False)
2024-08-05 19:33:32,203 - INFO - Tree ID:704, Parent:631, Carrier:000 Tree(Position: (822, 292), Scale: 0.55, Growths: 8, Alive: False)
2024-08-05 19:33:32,203 - INFO - Tree ID:724, Parent:601, Carrier:000 Tree(Position: (290, 672), Scale: 0.58, Growths: 8, Alive: False)
2024-08-05 19:33:32,203 - INFO - Tree ID:745, Parent:696, Carrier:000 Tree(Position: (262, 594), Scale: 0.79, Growths: 8, Alive: False)
2024-08-05 19:33:32,203 - INFO - Tree ID:711, Parent:680, Carrier:000 Tree(Position: (755, 731), Scale: 0.69, Growths: 8, Alive: False)
2024-08-05 19:33:32,203 - INFO - Tree ID:747, Parent:670, Carrier:000 Tree(Position: (714, 576), Scale: 0.75, Growths: 8, Alive: False)
2024-08-05 19:33:32,203 - INFO - Tree ID:729, Parent:659, Carrier:000 Tree(Position: (1112, 629), Scale: 1.04, Growths: 8, Alive: False)
2024-08-05 19:33:32,203 - INFO - Tree ID:717, Parent:692, Carrier:000 Tree(Position: (153, 343), Scale: 0.86, Growths: 8, Alive: False)
2024-08-05 19:33:32,203 - INFO - Tree ID:748, Parent:654, Carrier:000 Tree(Position: (516, 221), Scale: 0.69, Growths: 8, Alive: False)
2024-08-05 19:33:32,203 - INFO - Tree ID:740, Parent:603, Carrier:000 Tree(Position: (450, 603), Scale: 0.92, Growths: 8, Alive: False)
2024-08-05 19:33:32,203 - INFO - Tree ID:732, Parent:629, Carrier:000 Tree(Position: (1192, 652), Scale: 0.88, Growths: 8, Alive: False)
2024-08-05 19:33:32,203 - INFO - Tree ID:739, Parent:694, Carrier:000 Tree(Position: (754, 470), Scale: 0.80, Growths: 8, Alive: False)
2024-08-05 19:33:32,203 - INFO - Tree ID:707, Parent:620, Carrier:000 Tree(Position: (634, 267), Scale: 0.86, Growths: 8, Alive: False)
2024-08-05 19:33:32,203 - INFO - Tree ID:742, Parent:649, Carrier:000 Tree(Position: (702, 100), Scale: 0.88, Growths: 8, Alive: False)
2024-08-05 19:33:32,203 - INFO - Tree ID:736, Parent:606, Carrier:000 Tree(Position: (395, 155), Scale: 0.70, Growths: 8, Alive: False)
2024-08-05 19:33:32,203 - INFO - Tree ID:727, Parent:614, Carrier:000 Tree(Position: (924, 372), Scale: 0.70, Growths: 8, Alive: False)
2024-08-05 19:33:32,203 - INFO - 
Creatures:
2024-08-05 19:33:32,203 - INFO - Creature ID:101, Parents: 000,000 (Position: [896.662, 219.237], Speed: 6.20, Stomach Size: 3, Food in Stomach: 0, Is Hungry: True, Is Full: False)Trees eaten from: [672, 672, 672, 753])
2024-08-05 19:33:32,203 - INFO - 
Dead Creatures:
2024-08-05 19:33:32,203 - INFO - Creature ID:100, Parents: 000,000 (Position: [338.226, 241.336], Speed: 9.96, Stomach Size: 3, Food in Stomach: 0, Is Hungry: True, Is Full: False)Trees eaten from: [])
2024-08-05 19:33:32,203 - INFO - ----------------------------------------
2024-08-05 19:33:32,203 - INFO - Simulation ended at 2024-08-05 19:33:32
2024-08-05 19:33:32,203 - INFO - Simulation ran for 0:01:22.222154
